#
# A fatal error has been detected by the Java Runtime Environment:
#
#  SIGSEGV (0xb) at pc=0x000000012798f45f, pid=1202, tid=0x000000000000444b
#
# JRE version: Java(TM) SE Runtime Environment (8.0_144-b01) (build 1.8.0_144-b01)
# Java VM: Java HotSpot(TM) 64-Bit Server VM (25.144-b01 mixed mode bsd-amd64 compressed oops)
# Problematic frame:
# C  [libawt_lwawt.dylib+0x1c45f]  OGLSD_SetScratchSurface+0x49
#
# Failed to write core dump. Core dumps have been disabled. To enable core dumping, try "ulimit -c unlimited" before starting Java again
#
# If you would like to submit a bug report, please visit:
#   http://bugreport.java.com/bugreport/crash.jsp
# The crash happened outside the Java Virtual Machine in native code.
# See problematic frame for where to report the bug.
#

---------------  T H R E A D  ---------------

Current thread (0x00007fd6e025b800):  JavaThread "Java2D Queue Flusher" daemon [_thread_in_native, id=17483, stack(0x000000030b26e000,0x000000030b36e000)]

siginfo: si_signo: 11 (SIGSEGV), si_code: 1 (SEGV_MAPERR), si_addr: 0x0000000000000002

Registers:
RAX=0x00000000ffffffff, RBX=0x0000000000000002, RCX=0x0000000000000047, RDX=0x00000001279b0258
RSP=0x000000030b36d800, RBP=0x000000030b36d820, RSI=0x00007fd6df5cbd40, RDI=0x00007fd6e025b9f8
R8 =0x00000000000001b0, R9 =0xffffffff00000000, R10=0x00000001114270f8, R11=0x00007fd6df5ad600
R12=0x0000000000000000, R13=0x0000000111592d28, R14=0x00007fd6e025b9f8, R15=0x00007fd6e025b800
RIP=0x000000012798f45f, EFLAGS=0x0000000000000203, ERR=0x0000000000000004
  TRAPNO=0x000000000000000e

Top of Stack: (sp=0x000000030b36d800)
0x000000030b36d800:   00007fd6df5cbd40 0000000000000000
0x000000030b36d810:   00007fd6e0156010 00007fd6e025b800
0x000000030b36d820:   000000030b36d8a0 00000001279afd36
0x000000030b36d830:   0000000000000000 0000000000000000
0x000000030b36d840:   c07ac00000000000 0000000000000000
0x000000030b36d850:   43d6000044098000 0000000000000000
0x000000030b36d860:   000000030b36d880 00007fd6e0156020
0x000000030b36d870:   00007fd60081b688 00007fd6e025b9f8
0x000000030b36d880:   0000000797676c90 0000000000000000
0x000000030b36d890:   000000030b36d978 00007fd6e025b800
0x000000030b36d8a0:   000000030b36d8f0 000000011142716a
0x000000030b36d8b0:   0000000797676c90 00007fd6df58a498
0x000000030b36d8c0:   000000030b36d920 000000010f3501e8
0x000000030b36d8d0:   0000000000000005 00007fd6e025b800
0x000000030b36d8e0:   0000000797676d01 00007fd6df58ae20
0x000000030b36d8f0:   00000000f2eced92 00000001113e5b44
0x000000030b36d900:   00007fd6e025b800 0000000167c36ca8
0x000000030b36d910:   000000030b36d978 00007fd6e025b800
0x000000030b36d920:   000000030b36d970 0000000111123fa8
0x000000030b36d930:   0000000797676d68 000000030b36d960
0x000000030b36d940:   0000000167c36ca8 0000000000000004
0x000000030b36d950:   0000000797676c90 0000000100000020
0x000000030b36d960:   000000030b36d980 0000000000000246
0x000000030b36d970:   00000000f2eced92 0000000111592cc8
0x000000030b36d980:   000000030b36da20 00007fd600000000
0x000000030b36d990:   0000000797676d68 0000000110ebf427
0x000000030b36d9a0:   0000000110ebf3e5 0000000000000001
0x000000030b36d9b0:   0000000797676d68 000000030b36d9a8
0x000000030b36d9c0:   0000000111592650 000000030b36da20
0x000000030b36d9d0:   000000012529aea0 0000000797676ee0
0x000000030b36d9e0:   0000000797676ee8 0000000797676ee4
0x000000030b36d9f0:   0000000797676eec 0000000000000000 

Instructions: (pc=0x000000012798f45f)
0x000000012798f43f:   c0 e9 82 00 00 00 48 8b 5e 10 48 85 db 75 0e bf
0x000000012798f44f:   01 00 00 00 48 8d 15 67 7b 03 00 eb d6 49 89 fe
0x000000012798f45f:   4c 8b 3b 30 c0 e8 21 a6 02 00 49 8b 3f 49 89 c4
0x000000012798f46f:   48 8b 35 aa 02 06 00 30 c0 e8 51 a7 02 00 48 85 

Register to memory mapping:

RAX=0x00000000ffffffff is an unknown value
RBX=0x0000000000000002 is an unknown value
RCX=0x0000000000000047 is an unknown value
RDX=0x00000001279b0258: Java_sun_java2d_opengl_OGLRenderQueue_flushBuffer+0xb5c in /Applications/BlueJ.app/Contents/JDK/Home/jre/lib/libawt_lwawt.dylib at 0x0000000127973000
RSP=0x000000030b36d800 is pointing into the stack for thread: 0x00007fd6e025b800
RBP=0x000000030b36d820 is pointing into the stack for thread: 0x00007fd6e025b800
RSI=0x00007fd6df5cbd40 is an unknown value
RDI=0x00007fd6e025b9f8 is an unknown value
R8 =0x00000000000001b0 is an unknown value
R9 =0xffffffff00000000 is an unknown value
R10=0x00000001114270f8 is at entry_point+56 in (nmethod*)0x0000000111426f50
R11=0x00007fd6df5ad600 is an unknown value
R12=0x0000000000000000 is an unknown value
R13=0x0000000111592d28 is at entry_point+1032 in (nmethod*)0x0000000111592650
R14=0x00007fd6e025b9f8 is an unknown value
R15=0x00007fd6e025b800 is a thread


Stack: [0x000000030b26e000,0x000000030b36e000],  sp=0x000000030b36d800,  free space=1022k
Native frames: (J=compiled Java code, j=interpreted, Vv=VM code, C=native code)
C  [libawt_lwawt.dylib+0x1c45f]  OGLSD_SetScratchSurface+0x49
C  [libawt_lwawt.dylib+0x3cd36]  Java_sun_java2d_opengl_OGLRenderQueue_flushBuffer+0x63a
J 1721  sun.java2d.opengl.OGLRenderQueue.flushBuffer(JI)V (0 bytes) @ 0x000000011142716a [0x00000001114270c0+0xaa]
J 1662 C1 sun.java2d.opengl.OGLRenderQueue.flushBuffer()V (41 bytes) @ 0x00000001113e5b44 [0x00000001113e58e0+0x264]
J 2302% C2 sun.java2d.opengl.OGLRenderQueue$QueueFlusher.run()V (234 bytes) @ 0x0000000111592cc8 [0x0000000111592920+0x3a8]
v  ~StubRoutines::call_stub
V  [libjvm.dylib+0x2ee70a]
V  [libjvm.dylib+0x2eeeae]
V  [libjvm.dylib+0x2ef05a]
V  [libjvm.dylib+0x3497b1]
V  [libjvm.dylib+0x56c0b3]
V  [libjvm.dylib+0x56d7a0]
V  [libjvm.dylib+0x48baee]
C  [libsystem_pthread.dylib+0x68fc]  _pthread_start+0xe0
C  [libsystem_pthread.dylib+0x2443]  thread_start+0xf
C  0x0000000000000000

Java frames: (J=compiled Java code, j=interpreted, Vv=VM code)
J 1721  sun.java2d.opengl.OGLRenderQueue.flushBuffer(JI)V (0 bytes) @ 0x00000001114270f8 [0x00000001114270c0+0x38]
J 1662 C1 sun.java2d.opengl.OGLRenderQueue.flushBuffer()V (41 bytes) @ 0x00000001113e5b44 [0x00000001113e58e0+0x264]
J 2302% C2 sun.java2d.opengl.OGLRenderQueue$QueueFlusher.run()V (234 bytes) @ 0x0000000111592cc8 [0x0000000111592920+0x3a8]
v  ~StubRoutines::call_stub

---------------  P R O C E S S  ---------------

Java Threads: ( => current thread )
  0x00007fd6e1251000 JavaThread "AWT-EventQueue-0" [_thread_blocked, id=61611, stack(0x000000030b789000,0x000000030b889000)]
  0x00007fd6e065f800 JavaThread "AWT-Shutdown" [_thread_blocked, id=168279, stack(0x000000030b474000,0x000000030b574000)]
  0x00007fd6e10c0800 JavaThread "main" [_thread_blocked, id=77867, stack(0x000000030b686000,0x000000030b786000)]
  0x00007fd6e0572800 JavaThread "TimerQueue" daemon [_thread_blocked, id=66951, stack(0x000000030b897000,0x000000030b997000)]
  0x00007fd6e0203800 JavaThread "Java2D Disposer" daemon [_thread_blocked, id=58779, stack(0x000000030b583000,0x000000030b683000)]
=>0x00007fd6e025b800 JavaThread "Java2D Queue Flusher" daemon [_thread_in_native, id=17483, stack(0x000000030b26e000,0x000000030b36e000)]
  0x00007fd6e18a2000 JavaThread "DestroyJavaVM" [_thread_blocked, id=9731, stack(0x00000003097fe000,0x00000003098fe000)]
  0x00007fd6df8c0800 JavaThread "BlueJ worker thread" [_thread_blocked, id=53771, stack(0x000000030b371000,0x000000030b471000)]
  0x00007fd6e1889800 JavaThread "AppKit Thread" daemon [_thread_in_native, id=259, stack(0x0000000308f7a000,0x000000030977a000)]
  0x00007fd6df843800 JavaThread "Service Thread" daemon [_thread_blocked, id=40455, stack(0x000000030ad4b000,0x000000030ae4b000)]
  0x00007fd6e1837800 JavaThread "C1 CompilerThread3" daemon [_thread_blocked, id=41219, stack(0x000000030ac48000,0x000000030ad48000)]
  0x00007fd6e182e800 JavaThread "C2 CompilerThread2" daemon [_thread_blocked, id=41731, stack(0x000000030ab45000,0x000000030ac45000)]
  0x00007fd6e182e000 JavaThread "C2 CompilerThread1" daemon [_thread_blocked, id=23811, stack(0x000000030aa42000,0x000000030ab42000)]
  0x00007fd6e182c000 JavaThread "C2 CompilerThread0" daemon [_thread_blocked, id=23555, stack(0x000000030a93f000,0x000000030aa3f000)]
  0x00007fd6e005b800 JavaThread "JDWP Command Reader" daemon [_thread_in_native, id=22787, stack(0x000000030a83c000,0x000000030a93c000)]
  0x00007fd6df823000 JavaThread "JDWP Event Helper Thread" daemon [_thread_blocked, id=22531, stack(0x000000030a739000,0x000000030a839000)]
  0x00007fd6e0041800 JavaThread "JDWP Transport Listener: dt_socket" daemon [_thread_blocked, id=22031, stack(0x000000030a636000,0x000000030a736000)]
  0x00007fd6e0043000 JavaThread "Signal Dispatcher" daemon [_thread_blocked, id=15875, stack(0x000000030a533000,0x000000030a633000)]
  0x00007fd6e181c000 JavaThread "Finalizer" daemon [_thread_blocked, id=13851, stack(0x000000030a31f000,0x000000030a41f000)]
  0x00007fd6e1815800 JavaThread "Reference Handler" daemon [_thread_blocked, id=13091, stack(0x000000030a21c000,0x000000030a31c000)]

Other Threads:
  0x00007fd6e1813000 VMThread [stack: 0x000000030a119000,0x000000030a219000] [id=12803]
  0x00007fd6e181d800 WatcherThread [stack: 0x000000030ae4e000,0x000000030af4e000] [id=24591]

VM state:at safepoint (normal execution)

VM Mutex/Monitor currently owned by a thread:  ([mutex/lock_event])
[0x00007fd6df405700] Threads_lock - owner thread: 0x00007fd6e1813000
[0x00007fd6df405c00] Heap_lock - owner thread: 0x00007fd6e10c0800

Heap:
 PSYoungGen      total 72704K, used 5294K [0x0000000795580000, 0x000000079a280000, 0x00000007c0000000)
  eden space 66560K, 0% used [0x0000000795580000,0x0000000795580000,0x0000000799680000)
  from space 6144K, 86% used [0x0000000799c80000,0x000000079a1aba48,0x000000079a280000)
  to   space 6144K, 0% used [0x0000000799680000,0x0000000799680000,0x0000000799c80000)
 ParOldGen       total 87552K, used 548K [0x0000000740000000, 0x0000000745580000, 0x0000000795580000)
  object space 87552K, 0% used [0x0000000740000000,0x0000000740089010,0x0000000745580000)
 Metaspace       used 15871K, capacity 16402K, committed 16512K, reserved 1062912K
  class space    used 1992K, capacity 2155K, committed 2176K, reserved 1048576K

Card table byte_map: [0x0000000120254000,0x0000000120655000] byte_map_base: 0x000000011c854000

Marking Bits: (ParMarkBitMap*) 0x000000010f8f35d0
 Begin Bits: [0x0000000120900000, 0x0000000122900000)
 End Bits:   [0x0000000122900000, 0x0000000124900000)

Polling page: 0x000000010ade1000

CodeCache: size=245760Kb used=7689Kb max_used=7707Kb free=238070Kb
 bounds [0x0000000110e94000, 0x0000000111634000, 0x000000011fe94000]
 total_blobs=2824 nmethods=2268 adapters=477
 compilation: enabled

Compilation events (10 events):
Event: 15272.092 Thread 0x00007fd6e182e800 2447       4       MarkovOne::getFollows (108 bytes)
Event: 15272.096 Thread 0x00007fd6e1837800 2448  s    3       java.lang.Throwable::fillInStackTrace (29 bytes)
Event: 15272.097 Thread 0x00007fd6e1837800 nmethod 2448 0x00000001115eb3d0 code [0x00000001115eb540, 0x00000001115eb8e8]
Event: 15272.097 Thread 0x00007fd6e1837800 2450       3       java.util.zip.ZipFile$ZipFileInputStream::finalize (5 bytes)
Event: 15272.097 Thread 0x00007fd6e1837800 nmethod 2450 0x00000001115eb010 code [0x00000001115eb180, 0x00000001115eb328]
Event: 15272.111 Thread 0x00007fd6e182e800 nmethod 2447 0x000000011161cd90 code [0x000000011161cfe0, 0x000000011161e3d8]
Event: 15272.130 Thread 0x00007fd6e1837800 2451       3       MarkovOne::getFollows (108 bytes)
Event: 15272.130 Thread 0x00007fd6e1837800 nmethod 2451 0x0000000111607dd0 code [0x0000000111608020, 0x00000001116090e8]
Event: 15272.138 Thread 0x00007fd6e1837800 2452       1       java.lang.ref.Reference::clear (6 bytes)
Event: 15272.138 Thread 0x00007fd6e1837800 nmethod 2452 0x00000001115ead10 code [0x00000001115eae60, 0x00000001115eaf90]

GC Heap History (10 events):
Event: 2549.934 GC heap before
{Heap before GC invocations=1 (full 0):
 PSYoungGen      total 38400K, used 33280K [0x0000000795580000, 0x0000000798000000, 0x00000007c0000000)
  eden space 33280K, 100% used [0x0000000795580000,0x0000000797600000,0x0000000797600000)
  from space 5120K, 0% used [0x0000000797b00000,0x0000000797b00000,0x0000000798000000)
  to   space 5120K, 0% used [0x0000000797600000,0x0000000797600000,0x0000000797b00000)
 ParOldGen       total 87552K, used 0K [0x0000000740000000, 0x0000000745580000, 0x0000000795580000)
  object space 87552K, 0% used [0x0000000740000000,0x0000000740000000,0x0000000745580000)
 Metaspace       used 14829K, capacity 15264K, committed 15488K, reserved 1062912K
  class space    used 1934K, capacity 2066K, committed 2176K, reserved 1048576K
Event: 2549.951 GC heap after
Heap after GC invocations=1 (full 0):
 PSYoungGen      total 38400K, used 3628K [0x0000000795580000, 0x0000000798000000, 0x00000007c0000000)
  eden space 33280K, 0% used [0x0000000795580000,0x0000000795580000,0x0000000797600000)
  from space 5120K, 70% used [0x0000000797600000,0x000000079798b210,0x0000000797b00000)
  to   space 5120K, 0% used [0x0000000797b00000,0x0000000797b00000,0x0000000798000000)
 ParOldGen       total 87552K, used 0K [0x0000000740000000, 0x0000000745580000, 0x0000000795580000)
  object space 87552K, 0% used [0x0000000740000000,0x0000000740000000,0x0000000745580000)
 Metaspace       used 14829K, capacity 15264K, committed 15488K, reserved 1062912K
  class space    used 1934K, capacity 2066K, committed 2176K, reserved 1048576K
}
Event: 8325.553 GC heap before
{Heap before GC invocations=2 (full 0):
 PSYoungGen      total 38400K, used 36908K [0x0000000795580000, 0x0000000798000000, 0x00000007c0000000)
  eden space 33280K, 100% used [0x0000000795580000,0x0000000797600000,0x0000000797600000)
  from space 5120K, 70% used [0x0000000797600000,0x000000079798b210,0x0000000797b00000)
  to   space 5120K, 0% used [0x0000000797b00000,0x0000000797b00000,0x0000000798000000)
 ParOldGen       total 87552K, used 0K [0x0000000740000000, 0x0000000745580000, 0x0000000795580000)
  object space 87552K, 0% used [0x0000000740000000,0x0000000740000000,0x0000000745580000)
 Metaspace       used 15360K, capacity 15834K, committed 16000K, reserved 1062912K
  class space    used 1951K, capacity 2103K, committed 2176K, reserved 1048576K
Event: 8325.599 GC heap after
Heap after GC invocations=2 (full 0):
 PSYoungGen      total 38400K, used 4138K [0x0000000795580000, 0x0000000798000000, 0x00000007c0000000)
  eden space 33280K, 0% used [0x0000000795580000,0x0000000795580000,0x0000000797600000)
  from space 5120K, 80% used [0x0000000797b00000,0x0000000797f0abc0,0x0000000798000000)
  to   space 5120K, 0% used [0x0000000797600000,0x0000000797600000,0x0000000797b00000)
 ParOldGen       total 87552K, used 8K [0x0000000740000000, 0x0000000745580000, 0x0000000795580000)
  object space 87552K, 0% used [0x0000000740000000,0x0000000740002000,0x0000000745580000)
 Metaspace       used 15360K, capacity 15834K, committed 16000K, reserved 1062912K
  class space    used 1951K, capacity 2103K, committed 2176K, reserved 1048576K
}
Event: 11974.153 GC heap before
{Heap before GC invocations=3 (full 0):
 PSYoungGen      total 38400K, used 37418K [0x0000000795580000, 0x0000000798000000, 0x00000007c0000000)
  eden space 33280K, 100% used [0x0000000795580000,0x0000000797600000,0x0000000797600000)
  from space 5120K, 80% used [0x0000000797b00000,0x0000000797f0abc0,0x0000000798000000)
  to   space 5120K, 0% used [0x0000000797600000,0x0000000797600000,0x0000000797b00000)
 ParOldGen       total 87552K, used 8K [0x0000000740000000, 0x0000000745580000, 0x0000000795580000)
  object space 87552K, 0% used [0x0000000740000000,0x0000000740002000,0x0000000745580000)
 Metaspace       used 15629K, capacity 16108K, committed 16256K, reserved 1062912K
  class space    used 1965K, capacity 2121K, committed 2176K, reserved 1048576K
Event: 11974.205 GC heap after
Heap after GC invocations=3 (full 0):
 PSYoungGen      total 38400K, used 4000K [0x0000000795580000, 0x0000000798000000, 0x00000007c0000000)
  eden space 33280K, 0% used [0x0000000795580000,0x0000000795580000,0x0000000797600000)
  from space 5120K, 78% used [0x0000000797600000,0x00000007979e8348,0x0000000797b00000)
  to   space 5120K, 0% used [0x0000000797b00000,0x0000000797b00000,0x0000000798000000)
 ParOldGen       total 87552K, used 16K [0x0000000740000000, 0x0000000745580000, 0x0000000795580000)
  object space 87552K, 0% used [0x0000000740000000,0x0000000740004000,0x0000000745580000)
 Metaspace       used 15629K, capacity 16108K, committed 16256K, reserved 1062912K
  class space    used 1965K, capacity 2121K, committed 2176K, reserved 1048576K
}
Event: 15272.059 GC heap before
{Heap before GC invocations=4 (full 0):
 PSYoungGen      total 38400K, used 37280K [0x0000000795580000, 0x0000000798000000, 0x00000007c0000000)
  eden space 33280K, 100% used [0x0000000795580000,0x0000000797600000,0x0000000797600000)
  from space 5120K, 78% used [0x0000000797600000,0x00000007979e8348,0x0000000797b00000)
  to   space 5120K, 0% used [0x0000000797b00000,0x0000000797b00000,0x0000000798000000)
 ParOldGen       total 87552K, used 16K [0x0000000740000000, 0x0000000745580000, 0x0000000795580000)
  object space 87552K, 0% used [0x0000000740000000,0x0000000740004000,0x0000000745580000)
 Metaspace       used 15870K, capacity 16402K, committed 16512K, reserved 1062912K
  class space    used 1992K, capacity 2155K, committed 2176K, reserved 1048576K
Event: 15272.090 GC heap after
Heap after GC invocations=4 (full 0):
 PSYoungGen      total 38400K, used 5092K [0x0000000795580000, 0x0000000798000000, 0x00000007c0000000)
  eden space 33280K, 0% used [0x0000000795580000,0x0000000795580000,0x0000000797600000)
  from space 5120K, 99% used [0x0000000797b00000,0x0000000797ff91e0,0x0000000798000000)
  to   space 5120K, 0% used [0x0000000797600000,0x0000000797600000,0x0000000797b00000)
 ParOldGen       total 87552K, used 532K [0x0000000740000000, 0x0000000745580000, 0x0000000795580000)
  object space 87552K, 0% used [0x0000000740000000,0x0000000740085010,0x0000000745580000)
 Metaspace       used 15870K, capacity 16402K, committed 16512K, reserved 1062912K
  class space    used 1992K, capacity 2155K, committed 2176K, reserved 1048576K
}
Event: 15272.121 GC heap before
{Heap before GC invocations=5 (full 0):
 PSYoungGen      total 38400K, used 38372K [0x0000000795580000, 0x0000000798000000, 0x00000007c0000000)
  eden space 33280K, 100% used [0x0000000795580000,0x0000000797600000,0x0000000797600000)
  from space 5120K, 99% used [0x0000000797b00000,0x0000000797ff91e0,0x0000000798000000)
  to   space 5120K, 0% used [0x0000000797600000,0x0000000797600000,0x0000000797b00000)
 ParOldGen       total 87552K, used 532K [0x0000000740000000, 0x0000000745580000, 0x0000000795580000)
  object space 87552K, 0% used [0x0000000740000000,0x0000000740085010,0x0000000745580000)
 Metaspace       used 15871K, capacity 16402K, committed 16512K, reserved 1062912K
  class space    used 1992K, capacity 2155K, committed 2176K, reserved 1048576K
Event: 15272.126 GC heap after
Heap after GC invocations=5 (full 0):
 PSYoungGen      total 38400K, used 4896K [0x0000000795580000, 0x000000079a280000, 0x00000007c0000000)
  eden space 33280K, 0% used [0x0000000795580000,0x0000000795580000,0x0000000797600000)
  from space 5120K, 95% used [0x0000000797600000,0x0000000797ac8350,0x0000000797b00000)
  to   space 6144K, 0% used [0x0000000799c80000,0x0000000799c80000,0x000000079a280000)
 ParOldGen       total 87552K, used 540K [0x0000000740000000, 0x0000000745580000, 0x0000000795580000)
  object space 87552K, 0% used [0x0000000740000000,0x0000000740087010,0x0000000745580000)
 Metaspace       used 15871K, capacity 16402K, committed 16512K, reserved 1062912K
  class space    used 1992K, capacity 2155K, committed 2176K, reserved 1048576K
}

Deoptimization events (10 events):
Event: 2495.842 Thread 0x00007fd6e02c4000 Uncommon trap: reason=bimorphic action=maybe_recompile pc=0x000000011110a118 method=java.util.HashMap.getNode(ILjava/lang/Object;)Ljava/util/HashMap$Node; @ 126
Event: 2495.843 Thread 0x00007fd6e02c4000 Uncommon trap: reason=bimorphic action=maybe_recompile pc=0x000000011110a118 method=java.util.HashMap.getNode(ILjava/lang/Object;)Ljava/util/HashMap$Node; @ 126
Event: 2495.843 Thread 0x00007fd6e02c4000 Uncommon trap: reason=bimorphic action=maybe_recompile pc=0x000000011110a118 method=java.util.HashMap.getNode(ILjava/lang/Object;)Ljava/util/HashMap$Node; @ 126
Event: 2495.843 Thread 0x00007fd6e02c4000 Uncommon trap: reason=bimorphic action=maybe_recompile pc=0x000000011110a118 method=java.util.HashMap.getNode(ILjava/lang/Object;)Ljava/util/HashMap$Node; @ 126
Event: 2550.151 Thread 0x00007fd6e050e000 Uncommon trap: reason=bimorphic action=maybe_recompile pc=0x00000001111102e4 method=java.util.HashMap.getNode(ILjava/lang/Object;)Ljava/util/HashMap$Node; @ 126
Event: 2628.682 Thread 0x00007fd6e1b45000 Uncommon trap: reason=unstable_if action=reinterpret pc=0x00000001112ca6c0 method=sun.nio.cs.UTF_8$Encoder.encodeArrayLoop(Ljava/nio/CharBuffer;Ljava/nio/ByteBuffer;)Ljava/nio/charset/CoderResult; @ 87
Event: 2628.684 Thread 0x00007fd6e1b45000 Uncommon trap: reason=unstable_if action=reinterpret pc=0x00000001112be42c method=sun.nio.cs.UTF_8$Encoder.encodeArrayLoop(Ljava/nio/CharBuffer;Ljava/nio/ByteBuffer;)Ljava/nio/charset/CoderResult; @ 87
Event: 8337.340 Thread 0x00007fd6b8854000 Uncommon trap: reason=unstable_if action=reinterpret pc=0x000000011127e7f8 method=java.awt.Container.findComponentAtImpl(IIZ)Ljava/awt/Component; @ 24
Event: 11747.005 Thread 0x00007fd6b8863800 Uncommon trap: reason=unhandled action=none pc=0x00000001111ac4c8 method=java.lang.String.substring(II)Ljava/lang/String; @ 30
Event: 15272.129 Thread 0x00007fd6e10c0800 Uncommon trap: reason=unstable_if action=reinterpret pc=0x000000011161df54 method=MarkovOne.getFollows(Ljava/lang/String;)Ljava/util/ArrayList; @ 57

Internal exceptions (10 events):
Event: 0.790 Thread 0x00007fd6df80e800 Exception <a 'java/lang/NoSuchFieldError': method resolution failed> (0x000000079585efd8) thrown at [/Users/java_re/workspace/8-2-build-macosx-x86_64/jdk8u144/9417/hotspot/src/share/vm/prims/methodHandles.cpp, line 1146]
Event: 0.794 Thread 0x00007fd6df80e800 Exception <a 'java/lang/NoSuchFieldError': method resolution failed> (0x000000079586c778) thrown at [/Users/java_re/workspace/8-2-build-macosx-x86_64/jdk8u144/9417/hotspot/src/share/vm/prims/methodHandles.cpp, line 1146]
Event: 1.023 Thread 0x00007fd6df80e800 Exception <a 'java/io/FileNotFoundException'> (0x00000007958e7688) thrown at [/Users/java_re/workspace/8-2-build-macosx-x86_64/jdk8u144/9417/hotspot/src/share/vm/prims/jni.cpp, line 709]
Event: 1.025 Thread 0x00007fd6df80e800 Exception <a 'java/io/FileNotFoundException'> (0x00000007958e8120) thrown at [/Users/java_re/workspace/8-2-build-macosx-x86_64/jdk8u144/9417/hotspot/src/share/vm/prims/jni.cpp, line 709]
Event: 2494.421 Thread 0x00007fd6e105f000 Exception <a 'java/io/FileNotFoundException'> (0x0000000795dcccf8) thrown at [/Users/java_re/workspace/8-2-build-macosx-x86_64/jdk8u144/9417/hotspot/src/share/vm/prims/jni.cpp, line 709]
Event: 2495.502 Thread 0x00007fd6e105f000 Exception <a 'java/lang/NullPointerException'> (0x00000007960d7418) thrown at [/Users/java_re/workspace/8-2-build-macosx-x86_64/jdk8u144/9417/hotspot/src/share/vm/prims/jni.cpp, line 735]
Event: 11371.671 Thread 0x00007fd6e079f800 Exception <a 'java/lang/reflect/InvocationTargetException'> (0x00000007973d78f8) thrown at [/Users/java_re/workspace/8-2-build-macosx-x86_64/jdk8u144/9417/hotspot/src/share/vm/runtime/reflection.cpp, line 1092]
Event: 11453.236 Thread 0x00007fd6e01c2000 Exception <a 'java/lang/reflect/InvocationTargetException'> (0x000000079747dd90) thrown at [/Users/java_re/workspace/8-2-build-macosx-x86_64/jdk8u144/9417/hotspot/src/share/vm/runtime/reflection.cpp, line 1092]
Event: 11497.691 Thread 0x00007fd6b8863800 Exception <a 'java/lang/reflect/InvocationTargetException'> (0x00000007974ed290) thrown at [/Users/java_re/workspace/8-2-build-macosx-x86_64/jdk8u144/9417/hotspot/src/share/vm/runtime/reflection.cpp, line 1092]
Event: 11747.005 Thread 0x00007fd6b8863800 Exception <a 'java/lang/reflect/InvocationTargetException'> (0x000000079755c160) thrown at [/Users/java_re/workspace/8-2-build-macosx-x86_64/jdk8u144/9417/hotspot/src/share/vm/runtime/reflection.cpp, line 1092]

Events (10 events):
Event: 15272.134 Thread 0x00007fd6e10c0800 DEOPT PACKING pc=0x0000000111608fcd sp=0x000000030b784cc0
Event: 15272.134 Thread 0x00007fd6e10c0800 DEOPT UNPACKING pc=0x0000000110edb233 sp=0x000000030b784a90 mode 0
Event: 15272.135 Thread 0x00007fd6e10c0800 DEOPT PACKING pc=0x0000000111608fcd sp=0x000000030b784cc0
Event: 15272.135 Thread 0x00007fd6e10c0800 DEOPT UNPACKING pc=0x0000000110edb233 sp=0x000000030b784a90 mode 0
Event: 15272.136 Thread 0x00007fd6e10c0800 DEOPT PACKING pc=0x0000000111608fcd sp=0x000000030b784cc0
Event: 15272.136 Thread 0x00007fd6e10c0800 DEOPT UNPACKING pc=0x0000000110edb233 sp=0x000000030b784a90 mode 0
Event: 15272.137 Thread 0x00007fd6e10c0800 DEOPT PACKING pc=0x0000000111608fcd sp=0x000000030b784cc0
Event: 15272.137 Thread 0x00007fd6e10c0800 DEOPT UNPACKING pc=0x0000000110edb233 sp=0x000000030b784a90 mode 0
Event: 15272.138 Thread 0x00007fd6e10c0800 DEOPT PACKING pc=0x0000000111608fcd sp=0x000000030b784cc0
Event: 15272.138 Thread 0x00007fd6e10c0800 DEOPT UNPACKING pc=0x0000000110edb233 sp=0x000000030b784a90 mode 0


Dynamic libraries:
0x00007ffdffb93000 	/Library/Apple/usr/libexec/oah/runtime
0x0000000000044000 	/System/Library/Frameworks/Cocoa.framework/Versions/A/Cocoa
0x0000000000044000 	/System/Library/Frameworks/Security.framework/Versions/A/Security
0x0000000000044000 	/System/Library/Frameworks/ApplicationServices.framework/Versions/A/ApplicationServices
0x0000000000044000 	/usr/lib/libz.1.dylib
0x0000000000044000 	/usr/lib/libSystem.B.dylib
0x0000000000044000 	/usr/lib/libobjc.A.dylib
0x0000000000044000 	/System/Library/Frameworks/CoreFoundation.framework/Versions/A/CoreFoundation
0x0000000000044000 	/System/Library/Frameworks/Foundation.framework/Versions/C/Foundation
0x0000000000044000 	/System/Library/Frameworks/AppKit.framework/Versions/C/AppKit
0x0000000000044000 	/System/Library/Frameworks/CoreData.framework/Versions/A/CoreData
0x0000000000044000 	/System/Library/PrivateFrameworks/UIFoundation.framework/Versions/A/UIFoundation
0x0000000000044000 	/System/Library/PrivateFrameworks/RemoteViewServices.framework/Versions/A/RemoteViewServices
0x0000000000044000 	/System/Library/PrivateFrameworks/XCTTargetBootstrap.framework/Versions/A/XCTTargetBootstrap
0x0000000000044000 	/usr/lib/libspindump.dylib
0x0000000000044000 	/System/Library/Frameworks/UniformTypeIdentifiers.framework/Versions/A/UniformTypeIdentifiers
0x0000000000044000 	/usr/lib/libapp_launch_measurement.dylib
0x0000000000044000 	/System/Library/PrivateFrameworks/CoreAutoLayout.framework/Versions/A/CoreAutoLayout
0x0000000000044000 	/System/Library/Frameworks/Metal.framework/Versions/A/Metal
0x0000000000044000 	/usr/lib/liblangid.dylib
0x0000000000044000 	/System/Library/PrivateFrameworks/CoreSVG.framework/Versions/A/CoreSVG
0x0000000000044000 	/System/Library/PrivateFrameworks/SkyLight.framework/Versions/A/SkyLight
0x0000000000044000 	/System/Library/Frameworks/CoreGraphics.framework/Versions/A/CoreGraphics
0x0000000000044000 	/System/Library/Frameworks/Accelerate.framework/Versions/A/Accelerate
0x0000000000044000 	/System/Library/PrivateFrameworks/IconServices.framework/Versions/A/IconServices
0x0000000000044000 	/System/Library/Frameworks/IOSurface.framework/Versions/A/IOSurface
0x0000000000044000 	/usr/lib/libDiagnosticMessagesClient.dylib
0x0000000000044000 	/System/Library/PrivateFrameworks/DFRFoundation.framework/Versions/A/DFRFoundation
0x0000000000044000 	/usr/lib/libicucore.A.dylib
0x0000000000044000 	/System/Library/Frameworks/AudioToolbox.framework/Versions/A/AudioToolbox
0x0000000000044000 	/System/Library/PrivateFrameworks/DataDetectorsCore.framework/Versions/A/DataDetectorsCore
0x0000000000044000 	/usr/lib/libMobileGestalt.dylib
0x0000000000044000 	/System/Library/Frameworks/Carbon.framework/Versions/A/Frameworks/HIToolbox.framework/Versions/A/HIToolbox
0x0000000000044000 	/System/Library/Frameworks/QuartzCore.framework/Versions/A/QuartzCore
0x0000000000044000 	/System/Library/Frameworks/Carbon.framework/Versions/A/Frameworks/SpeechRecognition.framework/Versions/A/SpeechRecognition
0x0000000000044000 	/System/Library/PrivateFrameworks/CoreUI.framework/Versions/A/CoreUI
0x0000000000044000 	/System/Library/Frameworks/CoreAudio.framework/Versions/A/CoreAudio
0x0000000000044000 	/System/Library/Frameworks/DiskArbitration.framework/Versions/A/DiskArbitration
0x0000000000044000 	/System/Library/PrivateFrameworks/MultitouchSupport.framework/Versions/A/MultitouchSupport
0x0000000000044000 	/System/Library/PrivateFrameworks/InternationalSupport.framework/Versions/A/InternationalSupport
0x0000000000044000 	/usr/lib/libenergytrace.dylib
0x0000000000044000 	/System/Library/Frameworks/IOKit.framework/Versions/A/IOKit
0x0000000000044000 	/System/Library/Frameworks/CoreServices.framework/Versions/A/CoreServices
0x0000000000044000 	/System/Library/PrivateFrameworks/PerformanceAnalysis.framework/Versions/A/PerformanceAnalysis
0x0000000000044000 	/System/Library/Frameworks/OpenGL.framework/Versions/A/OpenGL
0x0000000000044000 	/System/Library/PrivateFrameworks/UserActivity.framework/Versions/A/UserActivity
0x0000000000044000 	/System/Library/Frameworks/ColorSync.framework/Versions/A/ColorSync
0x0000000000044000 	/System/Library/Frameworks/CoreImage.framework/Versions/A/CoreImage
0x0000000000044000 	/System/Library/Frameworks/CoreText.framework/Versions/A/CoreText
0x0000000000044000 	/System/Library/Frameworks/ImageIO.framework/Versions/A/ImageIO
0x0000000000044000 	/System/Library/PrivateFrameworks/SoftLinking.framework/Versions/A/SoftLinking
0x0000000000044000 	/usr/lib/libxml2.2.dylib
0x0000000000044000 	/usr/lib/libc++.1.dylib
0x0000000000044000 	/usr/lib/libcompression.dylib
0x0000000000044000 	/System/Library/PrivateFrameworks/TextureIO.framework/Versions/A/TextureIO
0x0000000000044000 	/usr/lib/libate.dylib
0x0000000000044000 	/usr/lib/system/libcache.dylib
0x0000000000044000 	/usr/lib/system/libcommonCrypto.dylib
0x0000000000044000 	/usr/lib/system/libcompiler_rt.dylib
0x0000000000044000 	/usr/lib/system/libcopyfile.dylib
0x0000000000044000 	/usr/lib/system/libcorecrypto.dylib
0x0000000000044000 	/usr/lib/system/libdispatch.dylib
0x0000000000044000 	/usr/lib/system/libdyld.dylib
0x0000000000044000 	/usr/lib/system/libkeymgr.dylib
0x0000000000044000 	/usr/lib/system/liblaunch.dylib
0x0000000000044000 	/usr/lib/system/libmacho.dylib
0x0000000000044000 	/usr/lib/system/libquarantine.dylib
0x0000000000044000 	/usr/lib/system/libremovefile.dylib
0x0000000000044000 	/usr/lib/system/libsystem_asl.dylib
0x0000000000044000 	/usr/lib/system/libsystem_blocks.dylib
0x0000000000044000 	/usr/lib/system/libsystem_c.dylib
0x0000000000044000 	/usr/lib/system/libsystem_collections.dylib
0x0000000000044000 	/usr/lib/system/libsystem_configuration.dylib
0x0000000000044000 	/usr/lib/system/libsystem_containermanager.dylib
0x0000000000044000 	/usr/lib/system/libsystem_coreservices.dylib
0x0000000000044000 	/usr/lib/system/libsystem_darwin.dylib
0x0000000000044000 	/usr/lib/system/libsystem_dnssd.dylib
0x0000000000044000 	/usr/lib/system/libsystem_featureflags.dylib
0x0000000000044000 	/usr/lib/system/libsystem_info.dylib
0x0000000000044000 	/usr/lib/system/libsystem_m.dylib
0x0000000000044000 	/usr/lib/system/libsystem_malloc.dylib
0x0000000000044000 	/usr/lib/system/libsystem_networkextension.dylib
0x0000000000044000 	/usr/lib/system/libsystem_notify.dylib
0x0000000000044000 	/usr/lib/system/libsystem_product_info_filter.dylib
0x0000000000044000 	/usr/lib/system/libsystem_sandbox.dylib
0x0000000000044000 	/usr/lib/system/libsystem_secinit.dylib
0x0000000000044000 	/usr/lib/system/libsystem_kernel.dylib
0x0000000000044000 	/usr/lib/system/libsystem_platform.dylib
0x0000000000044000 	/usr/lib/system/libsystem_pthread.dylib
0x0000000000044000 	/usr/lib/system/libsystem_symptoms.dylib
0x0000000000044000 	/usr/lib/system/libsystem_trace.dylib
0x0000000000044000 	/usr/lib/system/libunwind.dylib
0x0000000000044000 	/usr/lib/system/libxpc.dylib
0x0000000000044000 	/usr/lib/libc++abi.dylib
0x0000000000044000 	/usr/lib/liboah.dylib
0x0000000000044000 	/usr/lib/liblzma.5.dylib
0x0000000000044000 	/System/Library/Frameworks/SystemConfiguration.framework/Versions/A/SystemConfiguration
0x0000000000044000 	/usr/lib/libfakelink.dylib
0x0000000000044000 	/System/Library/Frameworks/CFNetwork.framework/Versions/A/CFNetwork
0x0000000000044000 	/usr/lib/libarchive.2.dylib
0x0000000000044000 	/usr/lib/libCRFSuite.dylib
0x0000000000044000 	/usr/lib/libbsm.0.dylib
0x0000000000044000 	/usr/lib/libnetwork.dylib
0x0000000000044000 	/usr/lib/libpcap.A.dylib
0x0000000000044000 	/usr/lib/libdns_services.dylib
0x0000000000044000 	/usr/lib/libcoretls_cfhelpers.dylib
0x0000000000044000 	/usr/lib/libapple_nghttp2.dylib
0x0000000000044000 	/usr/lib/system/libkxld.dylib
0x0000000000044000 	/usr/lib/libsqlite3.dylib
0x0000000000044000 	/System/Library/PrivateFrameworks/AppleFSCompression.framework/Versions/A/AppleFSCompression
0x0000000000044000 	/usr/lib/libcoretls.dylib
0x0000000000044000 	/usr/lib/libpam.2.dylib
0x0000000000044000 	/usr/lib/libxar.1.dylib
0x0000000000044000 	/System/Library/PrivateFrameworks/AppleSystemInfo.framework/Versions/A/AppleSystemInfo
0x0000000000044000 	/System/Library/PrivateFrameworks/IOMobileFramebuffer.framework/Versions/A/IOMobileFramebuffer
0x0000000000044000 	/usr/lib/libbz2.1.0.dylib
0x0000000000044000 	/usr/lib/libiconv.2.dylib
0x0000000000044000 	/usr/lib/libcharset.1.dylib
0x0000000000044000 	/System/Library/Frameworks/CoreServices.framework/Versions/A/Frameworks/FSEvents.framework/Versions/A/FSEvents
0x0000000000044000 	/System/Library/Frameworks/CoreServices.framework/Versions/A/Frameworks/CarbonCore.framework/Versions/A/CarbonCore
0x0000000000044000 	/System/Library/Frameworks/CoreServices.framework/Versions/A/Frameworks/Metadata.framework/Versions/A/Metadata
0x0000000000044000 	/System/Library/Frameworks/CoreServices.framework/Versions/A/Frameworks/OSServices.framework/Versions/A/OSServices
0x0000000000044000 	/System/Library/Frameworks/CoreServices.framework/Versions/A/Frameworks/SearchKit.framework/Versions/A/SearchKit
0x0000000000044000 	/System/Library/Frameworks/CoreServices.framework/Versions/A/Frameworks/AE.framework/Versions/A/AE
0x0000000000044000 	/System/Library/Frameworks/CoreServices.framework/Versions/A/Frameworks/LaunchServices.framework/Versions/A/LaunchServices
0x0000000000044000 	/System/Library/Frameworks/CoreServices.framework/Versions/A/Frameworks/DictionaryServices.framework/Versions/A/DictionaryServices
0x0000000000044000 	/System/Library/Frameworks/CoreServices.framework/Versions/A/Frameworks/SharedFileList.framework/Versions/A/SharedFileList
0x0000000000044000 	/usr/lib/libCheckFix.dylib
0x0000000000044000 	/System/Library/PrivateFrameworks/TCC.framework/Versions/A/TCC
0x0000000000044000 	/System/Library/PrivateFrameworks/CoreNLP.framework/Versions/A/CoreNLP
0x0000000000044000 	/System/Library/PrivateFrameworks/MetadataUtilities.framework/Versions/A/MetadataUtilities
0x0000000000044000 	/usr/lib/libmecabra.dylib
0x0000000000044000 	/System/Library/Frameworks/MLCompute.framework/Versions/A/MLCompute
0x0000000000044000 	/usr/lib/libmecab.dylib
0x0000000000044000 	/usr/lib/libgermantok.dylib
0x0000000000044000 	/usr/lib/libThaiTokenizer.dylib
0x0000000000044000 	/usr/lib/libChineseTokenizer.dylib
0x0000000000044000 	/System/Library/Frameworks/MetalPerformanceShaders.framework/Versions/A/MetalPerformanceShaders
0x0000000000044000 	/System/Library/Frameworks/Accelerate.framework/Versions/A/Frameworks/vImage.framework/Versions/A/vImage
0x0000000000044000 	/System/Library/Frameworks/Accelerate.framework/Versions/A/Frameworks/vecLib.framework/Versions/A/vecLib
0x0000000000044000 	/System/Library/Frameworks/Accelerate.framework/Versions/A/Frameworks/vecLib.framework/Versions/A/libvMisc.dylib
0x0000000000044000 	/System/Library/Frameworks/Accelerate.framework/Versions/A/Frameworks/vecLib.framework/Versions/A/libvDSP.dylib
0x0000000000044000 	/System/Library/Frameworks/Accelerate.framework/Versions/A/Frameworks/vecLib.framework/Versions/A/libBLAS.dylib
0x0000000000044000 	/System/Library/Frameworks/Accelerate.framework/Versions/A/Frameworks/vecLib.framework/Versions/A/libLAPACK.dylib
0x0000000000044000 	/System/Library/Frameworks/Accelerate.framework/Versions/A/Frameworks/vecLib.framework/Versions/A/libLinearAlgebra.dylib
0x0000000000044000 	/System/Library/Frameworks/Accelerate.framework/Versions/A/Frameworks/vecLib.framework/Versions/A/libSparseBLAS.dylib
0x0000000000044000 	/System/Library/Frameworks/Accelerate.framework/Versions/A/Frameworks/vecLib.framework/Versions/A/libQuadrature.dylib
0x0000000000044000 	/System/Library/Frameworks/Accelerate.framework/Versions/A/Frameworks/vecLib.framework/Versions/A/libBNNS.dylib
0x0000000000044000 	/System/Library/Frameworks/Accelerate.framework/Versions/A/Frameworks/vecLib.framework/Versions/A/libSparse.dylib
0x0000000000044000 	/System/Library/Frameworks/MetalPerformanceShaders.framework/Versions/A/Frameworks/MPSCore.framework/Versions/A/MPSCore
0x0000000000044000 	/System/Library/Frameworks/MetalPerformanceShaders.framework/Versions/A/Frameworks/MPSImage.framework/Versions/A/MPSImage
0x0000000000044000 	/System/Library/Frameworks/MetalPerformanceShaders.framework/Versions/A/Frameworks/MPSNeuralNetwork.framework/Versions/A/MPSNeuralNetwork
0x0000000000044000 	/System/Library/Frameworks/MetalPerformanceShaders.framework/Versions/A/Frameworks/MPSMatrix.framework/Versions/A/MPSMatrix
0x0000000000044000 	/System/Library/Frameworks/MetalPerformanceShaders.framework/Versions/A/Frameworks/MPSRayIntersector.framework/Versions/A/MPSRayIntersector
0x0000000000044000 	/System/Library/Frameworks/MetalPerformanceShaders.framework/Versions/A/Frameworks/MPSNDArray.framework/Versions/A/MPSNDArray
0x0000000000044000 	/System/Library/PrivateFrameworks/MetalTools.framework/Versions/A/MetalTools
0x0000000000044000 	/System/Library/PrivateFrameworks/AggregateDictionary.framework/Versions/A/AggregateDictionary
0x0000000000044000 	/System/Library/PrivateFrameworks/CoreAnalytics.framework/Versions/A/CoreAnalytics
0x0000000000044000 	/System/Library/PrivateFrameworks/AppleSauce.framework/Versions/A/AppleSauce
0x0000000000044000 	/System/Library/PrivateFrameworks/IOAccelerator.framework/Versions/A/IOAccelerator
0x0000000000044000 	/System/Library/Frameworks/OpenGL.framework/Versions/A/Libraries/libCoreFSCache.dylib
0x0000000000044000 	/System/Library/PrivateFrameworks/LanguageModeling.framework/Versions/A/LanguageModeling
0x0000000000044000 	/System/Library/PrivateFrameworks/CoreEmoji.framework/Versions/A/CoreEmoji
0x0000000000044000 	/System/Library/PrivateFrameworks/LinguisticData.framework/Versions/A/LinguisticData
0x0000000000044000 	/System/Library/PrivateFrameworks/Lexicon.framework/Versions/A/Lexicon
0x0000000000044000 	/usr/lib/libcmph.dylib
0x0000000000044000 	/System/Library/Frameworks/OpenDirectory.framework/Versions/A/Frameworks/CFOpenDirectory.framework/Versions/A/CFOpenDirectory
0x0000000000044000 	/System/Library/Frameworks/OpenDirectory.framework/Versions/A/OpenDirectory
0x0000000000044000 	/System/Library/PrivateFrameworks/APFS.framework/Versions/A/APFS
0x0000000000044000 	/System/Library/Frameworks/SecurityFoundation.framework/Versions/A/SecurityFoundation
0x0000000000044000 	/usr/lib/libutil.dylib
0x0000000000044000 	/System/Library/PrivateFrameworks/CoreServicesStore.framework/Versions/A/CoreServicesStore
0x0000000000044000 	/System/Library/Frameworks/ServiceManagement.framework/Versions/A/ServiceManagement
0x0000000000044000 	/usr/lib/libxslt.1.dylib
0x0000000000044000 	/System/Library/PrivateFrameworks/BackgroundTaskManagement.framework/Versions/A/BackgroundTaskManagement
0x0000000000044000 	/System/Library/Frameworks/ImageIO.framework/Versions/A/Resources/libRadiance.dylib
0x0000000000044000 	/System/Library/Frameworks/ImageIO.framework/Versions/A/Resources/libJPEG.dylib
0x0000000000044000 	/System/Library/Frameworks/ImageIO.framework/Versions/A/Resources/libPng.dylib
0x0000000000044000 	/System/Library/Frameworks/ImageIO.framework/Versions/A/Resources/libTIFF.dylib
0x0000000000044000 	/System/Library/Frameworks/ImageIO.framework/Versions/A/Resources/libGIF.dylib
0x0000000000044000 	/System/Library/Frameworks/ImageIO.framework/Versions/A/Resources/libJP2.dylib
0x0000000000044000 	/usr/lib/libexpat.1.dylib
0x0000000000044000 	/System/Library/PrivateFrameworks/AppleJPEG.framework/Versions/A/AppleJPEG
0x0000000000044000 	/System/Library/PrivateFrameworks/FontServices.framework/libFontParser.dylib
0x0000000000044000 	/System/Library/PrivateFrameworks/RunningBoardServices.framework/Versions/A/RunningBoardServices
0x0000000000044000 	/System/Library/PrivateFrameworks/WatchdogClient.framework/Versions/A/WatchdogClient
0x0000000000044000 	/System/Library/Frameworks/CoreDisplay.framework/Versions/A/CoreDisplay
0x0000000000044000 	/System/Library/Frameworks/CoreMedia.framework/Versions/A/CoreMedia
0x0000000000044000 	/System/Library/Frameworks/CoreVideo.framework/Versions/A/CoreVideo
0x0000000000044000 	/System/Library/Frameworks/VideoToolbox.framework/Versions/A/VideoToolbox
0x0000000000044000 	/System/Library/PrivateFrameworks/BaseBoard.framework/Versions/A/BaseBoard
0x0000000000044000 	/System/Library/PrivateFrameworks/PersistentConnection.framework/Versions/A/PersistentConnection
0x0000000000044000 	/System/Library/PrivateFrameworks/ProtocolBuffer.framework/Versions/A/ProtocolBuffer
0x0000000000044000 	/System/Library/PrivateFrameworks/CommonUtilities.framework/Versions/A/CommonUtilities
0x0000000000044000 	/System/Library/PrivateFrameworks/Bom.framework/Versions/A/Bom
0x0000000000044000 	/System/Library/PrivateFrameworks/GPUWrangler.framework/Versions/A/GPUWrangler
0x0000000000044000 	/System/Library/PrivateFrameworks/IOPresentment.framework/Versions/A/IOPresentment
0x0000000000044000 	/System/Library/PrivateFrameworks/DSExternalDisplay.framework/Versions/A/DSExternalDisplay
0x0000000000044000 	/System/Library/PrivateFrameworks/CMCaptureCore.framework/Versions/A/CMCaptureCore
0x0000000000044000 	/System/Library/PrivateFrameworks/AppServerSupport.framework/Versions/A/AppServerSupport
0x0000000000044000 	/System/Library/PrivateFrameworks/perfdata.framework/Versions/A/perfdata
0x0000000000044000 	/System/Library/PrivateFrameworks/AssertionServices.framework/Versions/A/AssertionServices
0x0000000000044000 	/System/Library/PrivateFrameworks/AudioToolboxCore.framework/Versions/A/AudioToolboxCore
0x0000000000044000 	/System/Library/PrivateFrameworks/caulk.framework/Versions/A/caulk
0x0000000000044000 	/System/Library/PrivateFrameworks/SystemPolicy.framework/Versions/A/SystemPolicy
0x0000000000044000 	/usr/lib/libIOReport.dylib
0x0000000000044000 	/usr/lib/libSMC.dylib
0x0000000000044000 	/usr/lib/libAudioToolboxUtility.dylib
0x0000000000044000 	/usr/lib/libmis.dylib
0x0000000000044000 	/System/Library/Frameworks/OpenGL.framework/Versions/A/Libraries/libGLU.dylib
0x0000000000044000 	/System/Library/Frameworks/OpenGL.framework/Versions/A/Libraries/libGFXShared.dylib
0x0000000000044000 	/System/Library/Frameworks/OpenGL.framework/Versions/A/Libraries/libGL.dylib
0x0000000000044000 	/System/Library/Frameworks/OpenGL.framework/Versions/A/Libraries/libGLImage.dylib
0x0000000000044000 	/System/Library/Frameworks/OpenGL.framework/Versions/A/Libraries/libCVMSPluginSupport.dylib
0x0000000000044000 	/System/Library/Frameworks/OpenGL.framework/Versions/A/Libraries/libCoreVMClient.dylib
0x0000000000044000 	/System/Library/Frameworks/OpenCL.framework/Versions/A/OpenCL
0x0000000000044000 	/System/Library/PrivateFrameworks/GraphVisualizer.framework/Versions/A/GraphVisualizer
0x0000000000044000 	/System/Library/PrivateFrameworks/FaceCore.framework/Versions/A/FaceCore
0x0000000000044000 	/System/Library/PrivateFrameworks/OTSVG.framework/Versions/A/OTSVG
0x0000000000044000 	/System/Library/Frameworks/ApplicationServices.framework/Versions/A/Frameworks/ATS.framework/Versions/A/Resources/libFontRegistry.dylib
0x0000000000044000 	/System/Library/PrivateFrameworks/FontServices.framework/libhvf.dylib
0x0000000000044000 	/System/Library/PrivateFrameworks/AppleVA.framework/Versions/A/AppleVA
0x0000000000044000 	/System/Library/Frameworks/ApplicationServices.framework/Versions/A/Frameworks/ATS.framework/Versions/A/ATS
0x0000000000044000 	/System/Library/Frameworks/ApplicationServices.framework/Versions/A/Frameworks/ColorSyncLegacy.framework/Versions/A/ColorSyncLegacy
0x0000000000044000 	/System/Library/Frameworks/ApplicationServices.framework/Versions/A/Frameworks/HIServices.framework/Versions/A/HIServices
0x0000000000044000 	/System/Library/Frameworks/ApplicationServices.framework/Versions/A/Frameworks/LangAnalysis.framework/Versions/A/LangAnalysis
0x0000000000044000 	/System/Library/Frameworks/ApplicationServices.framework/Versions/A/Frameworks/PrintCore.framework/Versions/A/PrintCore
0x0000000000044000 	/System/Library/Frameworks/ApplicationServices.framework/Versions/A/Frameworks/QD.framework/Versions/A/QD
0x0000000000044000 	/System/Library/Frameworks/ApplicationServices.framework/Versions/A/Frameworks/SpeechSynthesis.framework/Versions/A/SpeechSynthesis
0x0000000000044000 	/System/Library/Frameworks/ApplicationServices.framework/Versions/A/Frameworks/ATSUI.framework/Versions/A/ATSUI
0x0000000000044000 	/usr/lib/libcups.2.dylib
0x0000000000044000 	/System/Library/PrivateFrameworks/NetAuth.framework/Versions/A/NetAuth
0x0000000000044000 	/System/Library/Frameworks/Kerberos.framework/Versions/A/Kerberos
0x0000000000044000 	/System/Library/Frameworks/GSS.framework/Versions/A/GSS
0x0000000000044000 	/usr/lib/libresolv.9.dylib
0x0000000000044000 	/System/Library/PrivateFrameworks/Heimdal.framework/Versions/A/Heimdal
0x0000000000044000 	/System/Library/Frameworks/Kerberos.framework/Versions/A/Libraries/libHeimdalProxy.dylib
0x0000000000044000 	/System/Library/Frameworks/Network.framework/Versions/A/Network
0x0000000000044000 	/usr/lib/libheimdal-asn1.dylib
0x0000000000044000 	/System/Library/PrivateFrameworks/CommonAuth.framework/Versions/A/CommonAuth
0x0000000000044000 	/System/Library/PrivateFrameworks/login.framework/Versions/A/Frameworks/loginsupport.framework/Versions/A/loginsupport
0x0000000000044000 	/System/Library/PrivateFrameworks/AudioSession.framework/Versions/A/AudioSession
0x0000000000044000 	/usr/lib/libAudioStatistics.dylib
0x0000000000044000 	/System/Library/PrivateFrameworks/MediaExperience.framework/Versions/A/MediaExperience
0x0000000000044000 	/System/Library/PrivateFrameworks/AudioSession.framework/libSessionUtility.dylib
0x0000000000044000 	/usr/lib/libperfcheck.dylib
0x0000000000044000 	/System/Library/PrivateFrameworks/AudioResourceArbitration.framework/Versions/A/AudioResourceArbitration
0x0000000000044000 	/System/Library/PrivateFrameworks/IconFoundation.framework/Versions/A/IconFoundation
0x0000000000044000 	/System/Library/PrivateFrameworks/SpeechRecognitionCore.framework/Versions/A/SpeechRecognitionCore
0x000000010f000000 	/Applications/BlueJ.app/Contents/JDK/Home/jre/lib/server/libjvm.dylib
0x0000000000044000 	/usr/lib/libstdc++.6.dylib
0x000000010ad4e000 	/Applications/BlueJ.app/Contents/JDK/Home/jre/lib/libverify.dylib
0x000000010ad6d000 	/Applications/BlueJ.app/Contents/JDK/Home/jre/lib/libjava.dylib
0x000000010ade2000 	/Applications/BlueJ.app/Contents/JDK/Home/jre/lib/libjdwp.dylib
0x000000010ae86000 	/Applications/BlueJ.app/Contents/JDK/Home/jre/lib/libnpt.dylib
0x000000010aee5000 	/Applications/BlueJ.app/Contents/JDK/Home/jre/lib/libzip.dylib
0x0000000000044000 	/System/Library/Frameworks/JavaRuntimeSupport.framework/Versions/A/JavaRuntimeSupport
0x0000000000044000 	/System/Library/Frameworks/Carbon.framework/Versions/A/Carbon
0x0000000000044000 	/System/Library/PrivateFrameworks/CoreSymbolication.framework/Versions/A/CoreSymbolication
0x0000000000044000 	/System/Library/Frameworks/Carbon.framework/Versions/A/Frameworks/CommonPanels.framework/Versions/A/CommonPanels
0x0000000000044000 	/System/Library/Frameworks/Carbon.framework/Versions/A/Frameworks/Help.framework/Versions/A/Help
0x0000000000044000 	/System/Library/Frameworks/Carbon.framework/Versions/A/Frameworks/ImageCapture.framework/Versions/A/ImageCapture
0x0000000000044000 	/System/Library/Frameworks/Carbon.framework/Versions/A/Frameworks/OpenScripting.framework/Versions/A/OpenScripting
0x0000000000044000 	/System/Library/Frameworks/Carbon.framework/Versions/A/Frameworks/Ink.framework/Versions/A/Ink
0x0000000000044000 	/System/Library/Frameworks/Carbon.framework/Versions/A/Frameworks/Print.framework/Versions/A/Print
0x0000000000044000 	/System/Library/Frameworks/Carbon.framework/Versions/A/Frameworks/SecurityHI.framework/Versions/A/SecurityHI
0x0000000000044000 	/System/Library/PrivateFrameworks/DebugSymbols.framework/Versions/A/DebugSymbols
0x0000000127563000 	/Applications/BlueJ.app/Contents/JDK/Home/jre/lib/libdt_socket.dylib
0x0000000127691000 	/Applications/BlueJ.app/Contents/JDK/Home/jre/lib/libawt.dylib
0x00000001277e5000 	/Applications/BlueJ.app/Contents/JDK/Home/jre/lib/libmlib_image.dylib
0x0000000000044000 	/System/Library/Frameworks/JavaNativeFoundation.framework/Versions/A/JavaNativeFoundation
0x0000000127973000 	/Applications/BlueJ.app/Contents/JDK/Home/jre/lib/libawt_lwawt.dylib
0x0000000127ad5000 	/Applications/BlueJ.app/Contents/JDK/Home/jre/lib/libosxapp.dylib
0x0000000000044000 	/System/Library/Frameworks/ExceptionHandling.framework/Versions/A/ExceptionHandling
0x0000000000044000 	/System/Library/PrivateFrameworks/CoreServicesInternal.framework/Versions/A/CoreServicesInternal
0x0000000000044000 	/System/Library/Frameworks/FileProvider.framework/Versions/A/FileProvider
0x0000000000044000 	/System/Library/Frameworks/Accounts.framework/Versions/A/Accounts
0x0000000000044000 	/System/Library/PrivateFrameworks/GenerationalStorage.framework/Versions/A/GenerationalStorage
0x0000000000044000 	/System/Library/PrivateFrameworks/SymptomDiagnosticReporter.framework/Versions/A/SymptomDiagnosticReporter
0x0000000000044000 	/System/Library/PrivateFrameworks/DesktopServicesPriv.framework/Versions/A/DesktopServicesPriv
0x0000000000044000 	/usr/lib/libsandbox.1.dylib
0x0000000000044000 	/System/Library/PrivateFrameworks/UserManagement.framework/Versions/A/UserManagement
0x0000000000044000 	/System/Library/PrivateFrameworks/MobileKeyBag.framework/Versions/A/MobileKeyBag
0x0000000000044000 	/System/Library/PrivateFrameworks/ChunkingLibrary.framework/Versions/A/ChunkingLibrary
0x0000000000044000 	/System/Library/PrivateFrameworks/Sharing.framework/Versions/A/Sharing
0x0000000000044000 	/System/Library/PrivateFrameworks/Apple80211.framework/Versions/A/Apple80211
0x0000000000044000 	/System/Library/PrivateFrameworks/AuthKit.framework/Versions/A/AuthKit
0x0000000000044000 	/System/Library/PrivateFrameworks/CoreUtils.framework/Versions/A/CoreUtils
0x0000000000044000 	/System/Library/Frameworks/CoreWLAN.framework/Versions/A/CoreWLAN
0x0000000000044000 	/System/Library/Frameworks/IOBluetooth.framework/Versions/A/IOBluetooth
0x0000000000044000 	/System/Library/PrivateFrameworks/CoreWiFi.framework/Versions/A/CoreWiFi
0x0000000000044000 	/System/Library/PrivateFrameworks/CorePhoneNumbers.framework/Versions/A/CorePhoneNumbers
0x0000000000044000 	/System/Library/PrivateFrameworks/DiskManagement.framework/Versions/A/DiskManagement
0x0000000000044000 	/System/Library/PrivateFrameworks/AppleIDAuthSupport.framework/Versions/A/AppleIDAuthSupport
0x0000000000044000 	/System/Library/PrivateFrameworks/KeychainCircle.framework/Versions/A/KeychainCircle
0x0000000000044000 	/System/Library/PrivateFrameworks/MediaKit.framework/Versions/A/MediaKit
0x0000000000044000 	/System/Library/Frameworks/DiscRecording.framework/Versions/A/DiscRecording
0x0000000000044000 	/usr/lib/libCoreStorage.dylib
0x0000000000044000 	/usr/lib/libcsfde.dylib
0x0000000000044000 	/System/Library/PrivateFrameworks/ProtectedCloudStorage.framework/Versions/A/ProtectedCloudStorage
0x0000000000044000 	/System/Library/PrivateFrameworks/EFILogin.framework/Versions/A/EFILogin
0x0000000000044000 	/System/Library/Frameworks/AudioUnit.framework/Versions/A/AudioUnit
0x0000000000044000 	/System/Library/Frameworks/CoreBluetooth.framework/Versions/A/CoreBluetooth
0x0000000000044000 	/usr/lib/libMatch.1.dylib
0x000000012875c000 	/usr/lib/libobjc-trampolines.dylib
0x0000000000044000 	/System/Library/CoreServices/RawCamera.bundle/Contents/MacOS/RawCamera
0x0000000000044000 	/System/Library/PrivateFrameworks/MobileAsset.framework/Versions/A/MobileAsset
0x0000000000044000 	/System/Library/PrivateFrameworks/StreamingZip.framework/Versions/A/StreamingZip
0x0000000000044000 	/System/Library/Frameworks/MediaToolbox.framework/Versions/A/MediaToolbox
0x0000000000044000 	/System/Library/PrivateFrameworks/CoreAVCHD.framework/Versions/A/CoreAVCHD
0x0000000000044000 	/System/Library/Frameworks/MediaAccessibility.framework/Versions/A/MediaAccessibility
0x0000000000044000 	/System/Library/PrivateFrameworks/Mangrove.framework/Versions/A/Mangrove
0x0000000000044000 	/System/Library/PrivateFrameworks/AlgosScoreFramework.framework/Versions/A/AlgosScoreFramework
0x0000000000044000 	/System/Library/PrivateFrameworks/AppleVPA.framework/Versions/A/AppleVPA
0x0000000000044000 	/System/Library/PrivateFrameworks/CoreAUC.framework/Versions/A/CoreAUC
0x0000000000044000 	/System/Library/Frameworks/Accelerate.framework/Versions/A/Frameworks/vImage.framework/Versions/A/Libraries/libCGInterfaces.dylib
0x0000000000044000 	/System/Library/PrivateFrameworks/FamilyControls.framework/Versions/A/FamilyControls
0x0000000000044000 	/System/Library/PrivateFrameworks/CommerceKit.framework/Versions/A/Frameworks/CommerceCore.framework/Versions/A/CommerceCore
0x0000000000044000 	/System/Library/PrivateFrameworks/SystemAdministration.framework/Versions/A/SystemAdministration
0x0000000000044000 	/System/Library/PrivateFrameworks/AppContainer.framework/Versions/A/AppContainer
0x0000000000044000 	/System/Library/PrivateFrameworks/SecCodeWrapper.framework/Versions/A/SecCodeWrapper
0x0000000000044000 	/System/Library/PrivateFrameworks/CrashReporterSupport.framework/Versions/A/CrashReporterSupport
0x0000000000044000 	/System/Library/PrivateFrameworks/OSAnalytics.framework/Versions/A/OSAnalytics
0x0000000000044000 	/usr/lib/libRosetta.dylib
0x0000000000044000 	/System/Library/PrivateFrameworks/RemoteServiceDiscovery.framework/Versions/A/RemoteServiceDiscovery
0x0000000000044000 	/System/Library/PrivateFrameworks/Symbolication.framework/Versions/A/Symbolication
0x0000000000044000 	/System/Library/PrivateFrameworks/MallocStackLogging.framework/Versions/A/MallocStackLogging
0x0000000000044000 	/System/Library/PrivateFrameworks/login.framework/Versions/A/login
0x0000000000044000 	/System/Library/Frameworks/DirectoryService.framework/Versions/A/DirectoryService
0x0000000000044000 	/System/Library/PrivateFrameworks/DiskImages.framework/Versions/A/DiskImages
0x0000000000044000 	/System/Library/PrivateFrameworks/LoginUIKit.framework/Versions/A/Frameworks/LoginUICore.framework/Versions/A/LoginUICore
0x0000000000044000 	/usr/lib/libodfde.dylib
0x0000000000044000 	/usr/lib/libcurl.4.dylib
0x0000000000044000 	/usr/lib/libcrypto.44.dylib
0x0000000000044000 	/usr/lib/libssl.46.dylib
0x0000000000044000 	/System/Library/Frameworks/LDAP.framework/Versions/A/LDAP
0x0000000000044000 	/System/Library/PrivateFrameworks/TrustEvaluationAgent.framework/Versions/A/TrustEvaluationAgent
0x0000000000044000 	/usr/lib/libsasl2.2.dylib
0x0000000000044000 	/System/Library/PrivateFrameworks/CoreDaemon.framework/Versions/B/CoreDaemon
0x0000000000044000 	/System/Library/PrivateFrameworks/AppleSRP.framework/Versions/A/AppleSRP
0x0000000000044000 	/System/Library/PrivateFrameworks/ViewBridge.framework/Versions/A/ViewBridge
0x000000012c011000 	/Applications/BlueJ.app/Contents/JDK/Home/jre/lib/libfontmanager.dylib
0x000000012c227000 	/Applications/BlueJ.app/Contents/JDK/Home/jre/lib/libosxui.dylib
0x0000000000044000 	/System/Library/Frameworks/OpenGL.framework/Versions/A/Resources/GLEngine.bundle/GLEngine
0x0000000000044000 	/System/Library/Frameworks/OpenGL.framework/Versions/A/Libraries/libGLProgrammability.dylib
0x000000012c23d000 	/System/Library/Extensions/AppleMetalOpenGLRenderer.bundle/Contents/MacOS/AppleMetalOpenGLRenderer
0x0000000000044000 	/System/Library/Frameworks/OpenGL.framework/Versions/A/Resources/GLRendererFloat.bundle/GLRendererFloat
0x000000012c3ba000 	/System/Library/Extensions/AGXMetal13_3.bundle/Contents/MacOS/AGXMetal13_3
0x0000000000044000 	/System/Library/PrivateFrameworks/IOGPU.framework/Versions/A/IOGPU
0x0000000000044000 	/System/Library/PrivateFrameworks/GPUCompiler.framework/Versions/31001/Libraries/libmetal_timestamp.dylib
0x000000012db64000 	/Applications/BlueJ.app/Contents/JDK/Home/jre/lib/libnet.dylib
0x000000012db9f000 	/Applications/BlueJ.app/Contents/JDK/Home/jre/lib/libnio.dylib
0x0000000000044000 	/System/Library/PrivateFrameworks/CloudDocs.framework/Versions/A/CloudDocs
0x0000000000044000 	/System/Library/PrivateFrameworks/SpotlightIndex.framework/Versions/A/SpotlightIndex
0x0000000000044000 	/System/Library/PrivateFrameworks/PowerLog.framework/Versions/A/PowerLog
0x0000000000044000 	/System/Library/PrivateFrameworks/SpotlightLinguistics.framework/Versions/A/SpotlightLinguistics
0x0000000000044000 	/System/Library/PrivateFrameworks/AccessibilityBundles.framework/Versions/A/AccessibilityBundles

VM Arguments:
jvm_args: -ea -agentlib:jdwp=transport=dt_socket,address=127.0.0.1:49519 -Dfile.encoding=UTF-8 
java_command: bluej.runtime.ExecServer UTF-8
java_class_path (initial): /Applications/BlueJ.app/Contents/Resources/Java/bluejcore.jar:/Applications/BlueJ.app/Contents/Resources/Java/junit-4.11.jar:/Applications/BlueJ.app/Contents/Resources/Java/hamcrest-core-1.3.jar:/Applications/BlueJ.app/Contents/Resources/Java/lang-stride.jar:/Applications/BlueJ.app/Contents/Resources/Java/userlib/courserajava.jar:/Applications/BlueJ.app/Contents/Resources/Java/userlib/apache-csv.jar:/Applications/BlueJ.app/Contents/Resources/Java/userlib/pi4j-core.jar:/Applications/BlueJ.app/Contents/Resources/Java/userlib/pi4j-gpio-extension.jar:/Applications/BlueJ.app/Contents/Resources/Java/userlib/pi4j-service.jar:/Applications/BlueJ.app/Contents/Resources/Java/userlib/pi4j-device.jar
Launcher Type: SUN_STANDARD

Environment Variables:
PATH=/usr/bin:/bin:/usr/sbin:/sbin
SHELL=/bin/zsh

Signal Handlers:
SIGSEGV: [libjvm.dylib+0x5b26e5], sa_mask[0]=11111111111111111111111111111111, sa_flags=SA_ONSTACK|SA_RESTART|SA_SIGINFO
SIGBUS: [libjvm.dylib+0x5b26e5], sa_mask[0]=11111111111111111111111111111111, sa_flags=SA_RESTART|SA_SIGINFO
SIGFPE: [libjvm.dylib+0x489100], sa_mask[0]=11111111111111111111111111111111, sa_flags=SA_RESTART|SA_SIGINFO
SIGPIPE: [libjvm.dylib+0x489100], sa_mask[0]=11111111111111111111111111111111, sa_flags=SA_RESTART|SA_SIGINFO
SIGXFSZ: [libjvm.dylib+0x489100], sa_mask[0]=11111111111111111111111111111111, sa_flags=SA_RESTART|SA_SIGINFO
SIGILL: [libjvm.dylib+0x489100], sa_mask[0]=11111111111111111111111111111111, sa_flags=SA_RESTART|SA_SIGINFO
SIGUSR1: SIG_DFL, sa_mask[0]=00000000000000000000000000000000, sa_flags=none
SIGUSR2: [libjvm.dylib+0x488c1e], sa_mask[0]=00100000000000000000000000000000, sa_flags=SA_RESTART|SA_SIGINFO
SIGHUP: [libjvm.dylib+0x4871f5], sa_mask[0]=11111111111111111111111111111111, sa_flags=SA_RESTART|SA_SIGINFO
SIGINT: [libjvm.dylib+0x4871f5], sa_mask[0]=11111111111111111111111111111111, sa_flags=SA_RESTART|SA_SIGINFO
SIGTERM: [libjvm.dylib+0x4871f5], sa_mask[0]=11111111111111111111111111111111, sa_flags=SA_RESTART|SA_SIGINFO
SIGQUIT: [libjvm.dylib+0x4871f5], sa_mask[0]=11111111111111111111111111111111, sa_flags=SA_RESTART|SA_SIGINFO


---------------  S Y S T E M  ---------------

OS:Bsduname:Darwin 20.5.0 Darwin Kernel Version 20.5.0: Sat May  8 05:10:31 PDT 2021; root:xnu-7195.121.3~9/RELEASE_ARM64_T8101 x86_64
rlimit: STACK 8176k, CORE 0k, NPROC 1333, NOFILE 10240, AS infinity
load average:1.69 1.34 1.17

CPU:total 8 (initial active 8) (1 cores per cpu, 1 threads per core) family 6 model 44 stepping 0, cmov, cx8, fxsr, mmx, sse, sse2, sse3, ssse3, sse4.1, sse4.2, popcnt, aes, clmul, tsc, tscinvbit, tscinv

Memory: 4k page, physical 8388608k(16384k free)

/proc/meminfo:


vm_info: Java HotSpot(TM) 64-Bit Server VM (25.144-b01) for bsd-amd64 JRE (1.8.0_144-b01), built on Jul 21 2017 22:07:42 by "java_re" with gcc 4.2.1 (Based on Apple Inc. build 5658) (LLVM build 2336.11.00)

time: Wed Dec 29 19:57:17 2021
elapsed time: 15272 seconds (0d 4h 14m 32s)

